<?xml version="1.0" encoding="UTF-8"?>
<!-- Generated by org.testng.reporters.JUnitReportReporter -->
<testsuite hostname="DESKTOP-HTLTNL2" failures="0" tests="1" name="crossBrowsertest.FirefoxTest" time="6.120" errors="0" timestamp="2022-07-05T17:33:05 IST" skipped="0">
  <testcase classname="crossBrowsertest.FirefoxTest" name="myMethod" time="6.120"/>
  <system-out/>
</testsuite> <!-- crossBrowsertest.FirefoxTest -->
